<?xml version="1.0" encoding="UTF-8"?>
<!-- Generated by org.testng.reporters.JUnitReportReporter -->
<testsuite skipped="0" hostname="DESKTOP-E6AHJR5" name="com.amazonmshop.testscenarios.TC_BuyProduct" tests="1" failures="0" timestamp="08 Jun 2020 06:17:57 GMT" time="130.401" errors="0">
  <testcase name="test" time="130.401" classname="com.amazonmshop.testscenarios.TC_BuyProduct"/>
</testsuite> <!-- com.amazonmshop.testscenarios.TC_BuyProduct -->
